<?xml version="1.0" encoding="UTF-8"?>
<testng-results skipped="0" failed="0" ignored="0" total="1" passed="1">
  <reporter-output>
  </reporter-output>
  <suite name="Default suite" duration-ms="7473" started-at="2021-05-25T21:01:52 IST" finished-at="2021-05-25T21:02:00 IST">
    <groups>
    </groups>
    <test name="Default test" duration-ms="7473" started-at="2021-05-25T21:01:52 IST" finished-at="2021-05-25T21:02:00 IST">
      <class name="automationAPI.Demo04_GET_Request_PrintAllHeaders">
        <test-method status="PASS" signature="getAllHeaders()[pri:0, instance:automationAPI.Demo04_GET_Request_PrintAllHeaders@23faf8f2]" name="getAllHeaders" duration-ms="7390" started-at="2021-05-25T21:01:52 IST" finished-at="2021-05-25T21:02:00 IST">
          <reporter-output>
          </reporter-output>
        </test-method> <!-- getAllHeaders -->
      </class> <!-- automationAPI.Demo04_GET_Request_PrintAllHeaders -->
    </test> <!-- Default test -->
  </suite> <!-- Default suite -->
</testng-results>
